[ルール] trading_rules.json 読み込み完了
============================================================
  MT5 EA ブリッジ  [BTCUSD]  モード: SCALP
  signal.json  → C:\Users\YK\AppData\Roaming\MetaQuotes\Terminal\Common\Files\signal_BTCUSD.json
  signal copy  → G:\マイドライブ\mt5_log\signal_BTCUSD.json
  ea_state.json← C:\Users\YK\AppData\Roaming\MetaQuotes\Terminal\Common\Files\ea_state_BTCUSD.json
  ポーリング   : 5秒  （Ctrl+C で終了）
  目標利益     : 1000円  クールダウン : 15分  日次上限     : 20回
  時間帯バイアス: bias_file 未生成 → analyze_time_bias.py を先に実行してください
============================================================
[MT5] 接続OK: BTCUSD  digits=2  spread=980pt
[MT5] BTCUSD M1: 20000本  2026-05-04〜2026-05-18
[SMA20分析:BTCUSD] シグナル441件 → touch_margin=10.57 USD (p70)
  SMA20タッチマージン: BTCUSD = 10.57 USD
[JPY/USD] 更新: 158.897
[MT5] BTCUSD M5: 50本  2026-05-18〜2026-05-18
[MT5] BTCUSD M1: 50本  2026-05-18〜2026-05-18
[MT5] BTCUSD H1: 200本  2026-05-10〜2026-05-18

[01:46:19] #1 [SCALP]  close=$76,469.59  RSI_M5=51.2  RSI_M1=57.2  ATR=$180.09  残高=¥12085.0  lot=0.07(TP=0.5×ATR)  今日=0/20回
  action=NONE  signal=none  expected_profit=+$6.30(¥1002) target=¥1000  SL=$76,739.72  TP=$76,379.55  [待機中] H1=trend_down  M5=trend_down  MTF:BUY=NG  SELL=NG
  [H1パターン] 逆三尊 …  信頼度=94%  NL=$82,264  TP=$85,821  (82本前)
  [H1パターン] 逆三尊 …  信頼度=94%  NL=$82,264  TP=$85,649  (82本前)
  [H1パターン] Wボトム …  信頼度=91%  NL=$82,054  TP=$85,243  (67本前)
  [H1パターン] Wボトム …  信頼度=90%  NL=$82,054  TP=$85,329  (67本前)
  [H1パターン] ダブルトップ ✓  信頼度=87%  NL=$78,707  TP=$75,321  (95本前)
  [H1パターン] 三尊 ✓  信頼度=82%  NL=$78,394  TP=$74,735  (30本前)
  [H1パターン] ダブルトップ ✓  信頼度=82%  NL=$78,707  TP=$75,151  (95本前)
  [H1パターン] 三尊 ✓  信頼度=81%  NL=$78,394  TP=$74,735  (19本前)
  残高=¥12085.0  ポジション=0/10件(空き10)  連続損失=0回
[MT5] BTCUSD M5: 50本  2026-05-18〜2026-05-18
[MT5] BTCUSD M1: 50本  2026-05-18〜2026-05-18
[MT5] BTCUSD H1: 200本  2026-05-10〜2026-05-18

[01:46:24] #2 [SCALP]  close=$76,460.35  RSI_M5=50.8  RSI_M1=56.4  ATR=$180.09  残高=¥12085.0  lot=0.07(TP=0.5×ATR)  今日=0/20回
  action=NONE  signal=none  expected_profit=+$6.30(¥1002) target=¥1000  SL=$76,730.48  TP=$76,370.31  [待機中] H1=trend_down  M5=trend_down  MTF:BUY=NG  SELL=NG
  [H1パターン] 逆三尊 …  信頼度=94%  NL=$82,264  TP=$85,821  (82本前)
  [H1パターン] 逆三尊 …  信頼度=94%  NL=$82,264  TP=$85,649  (82本前)
  [H1パターン] Wボトム …  信頼度=91%  NL=$82,054  TP=$85,243  (67本前)
  [H1パターン] Wボトム …  信頼度=90%  NL=$82,054  TP=$85,329  (67本前)
  [H1パターン] ダブルトップ ✓  信頼度=87%  NL=$78,707  TP=$75,321  (95本前)
  [H1パターン] 三尊 ✓  信頼度=82%  NL=$78,394  TP=$74,735  (30本前)
  [H1パターン] ダブルトップ ✓  信頼度=82%  NL=$78,707  TP=$75,151  (95本前)
  [H1パターン] 三尊 ✓  信頼度=81%  NL=$78,394  TP=$74,735  (19本前)
  残高=¥12085.0  ポジション=0/10件(空き10)  連続損失=0回
[MT5] BTCUSD M5: 50本  2026-05-18〜2026-05-18
[MT5] BTCUSD M1: 50本  2026-05-18〜2026-05-18
[MT5] BTCUSD H1: 200本  2026-05-10〜2026-05-18

[01:46:29] #3 [SCALP]  close=$76,481.10  RSI_M5=51.6  RSI_M1=58.1  ATR=$180.09  残高=¥12085.0  lot=0.07(TP=0.5×ATR)  今日=0/20回
  action=NONE  signal=none  expected_profit=+$6.30(¥1002) target=¥1000  SL=$76,751.23  TP=$76,391.06  [待機中] H1=trend_down  M5=trend_down  MTF:BUY=NG  SELL=NG
  [H1パターン] 逆三尊 …  信頼度=94%  NL=$82,264  TP=$85,821  (82本前)
  [H1パターン] 逆三尊 …  信頼度=94%  NL=$82,264  TP=$85,649  (82本前)
  [H1パターン] Wボトム …  信頼度=91%  NL=$82,054  TP=$85,243  (67本前)
  [H1パターン] Wボトム …  信頼度=90%  NL=$82,054  TP=$85,329  (67本前)
  [H1パターン] ダブルトップ ✓  信頼度=87%  NL=$78,707  TP=$75,321  (95本前)
  [H1パターン] 三尊 ✓  信頼度=82%  NL=$78,394  TP=$74,735  (30本前)
  [H1パターン] ダブルトップ ✓  信頼度=82%  NL=$78,707  TP=$75,151  (95本前)
  [H1パターン] 三尊 ✓  信頼度=81%  NL=$78,394  TP=$74,735  (19本前)
  残高=¥12085.0  ポジション=0/10件(空き10)  連続損失=0回
[MT5] BTCUSD M5: 50本  2026-05-18〜2026-05-18
[MT5] BTCUSD M1: 50本  2026-05-18〜2026-05-18
[MT5] BTCUSD H1: 200本  2026-05-10〜2026-05-18

[01:46:34] #4 [SCALP]  close=$76,479.71  RSI_M5=51.6  RSI_M1=58.0  ATR=$180.09  残高=¥12085.0  lot=0.07(TP=0.5×ATR)  今日=0/20回
  action=NONE  signal=none  expected_profit=+$6.30(¥1002) target=¥1000  SL=$76,749.84  TP=$76,389.67  [待機中] H1=trend_down  M5=trend_down  MTF:BUY=NG  SELL=NG
  [H1パターン] 逆三尊 …  信頼度=94%  NL=$82,264  TP=$85,821  (82本前)
  [H1パターン] 逆三尊 …  信頼度=94%  NL=$82,264  TP=$85,649  (82本前)
  [H1パターン] Wボトム …  信頼度=91%  NL=$82,054  TP=$85,243  (67本前)
  [H1パターン] Wボトム …  信頼度=90%  NL=$82,054  TP=$85,329  (67本前)
  [H1パターン] ダブルトップ ✓  信頼度=87%  NL=$78,707  TP=$75,321  (95本前)
  [H1パターン] 三尊 ✓  信頼度=82%  NL=$78,394  TP=$74,735  (30本前)
  [H1パターン] ダブルトップ ✓  信頼度=82%  NL=$78,707  TP=$75,151  (95本前)
  [H1パターン] 三尊 ✓  信頼度=81%  NL=$78,394  TP=$74,735  (19本前)
  残高=¥12085.0  ポジション=0/10件(空き10)  連続損失=0回
[MT5] BTCUSD M5: 50本  2026-05-18〜2026-05-18
[MT5] BTCUSD M1: 50本  2026-05-18〜2026-05-18
[MT5] BTCUSD H1: 200本  2026-05-10〜2026-05-18

[01:46:39] #5 [SCALP]  close=$76,463.03  RSI_M5=50.9  RSI_M1=56.6  ATR=$180.09  残高=¥12085.0  lot=0.07(TP=0.5×ATR)  今日=0/20回
  action=NONE  signal=none  expected_profit=+$6.30(¥1002) target=¥1000  SL=$76,733.16  TP=$76,372.99  [待機中] H1=trend_down  M5=trend_down  MTF:BUY=NG  SELL=NG
  [H1パターン] 逆三尊 …  信頼度=94%  NL=$82,264  TP=$85,821  (82本前)
  [H1パターン] 逆三尊 …  信頼度=94%  NL=$82,264  TP=$85,649  (82本前)
  [H1パターン] Wボトム …  信頼度=91%  NL=$82,054  TP=$85,243  (67本前)
  [H1パターン] Wボトム …  信頼度=90%  NL=$82,054  TP=$85,329  (67本前)
  [H1パターン] ダブルトップ ✓  信頼度=87%  NL=$78,707  TP=$75,321  (95本前)
  [H1パターン] 三尊 ✓  信頼度=82%  NL=$78,394  TP=$74,735  (30本前)
  [H1パターン] ダブルトップ ✓  信頼度=82%  NL=$78,707  TP=$75,151  (95本前)
  [H1パターン] 三尊 ✓  信頼度=81%  NL=$78,394  TP=$74,735  (19本前)
  残高=¥12085.0  ポジション=0/10件(空き10)  連続損失=0回
[MT5] BTCUSD M5: 50本  2026-05-18〜2026-05-18
[MT5] BTCUSD M1: 50本  2026-05-18〜2026-05-18
[MT5] BTCUSD H1: 200本  2026-05-10〜2026-05-18

[01:46:44] #6 [SCALP]  close=$76,459.20  RSI_M5=50.7  RSI_M1=56.3  ATR=$180.09  残高=¥12085.0  lot=0.07(TP=0.5×ATR)  今日=0/20回
  action=NONE  signal=none  expected_profit=+$6.30(¥1002) target=¥1000  SL=$76,729.33  TP=$76,369.16  [待機中] H1=trend_down  M5=trend_down  MTF:BUY=NG  SELL=NG
  [H1パターン] 逆三尊 …  信頼度=94%  NL=$82,264  TP=$85,821  (82本前)
  [H1パターン] 逆三尊 …  信頼度=94%  NL=$82,264  TP=$85,649  (82本前)
  [H1パターン] Wボトム …  信頼度=91%  NL=$82,054  TP=$85,243  (67本前)
  [H1パターン] Wボトム …  信頼度=90%  NL=$82,054  TP=$85,329  (67本前)
  [H1パターン] ダブルトップ ✓  信頼度=87%  NL=$78,707  TP=$75,321  (95本前)
  [H1パターン] 三尊 ✓  信頼度=82%  NL=$78,394  TP=$74,735  (30本前)
  [H1パターン] ダブルトップ ✓  信頼度=82%  NL=$78,707  TP=$75,151  (95本前)
  [H1パターン] 三尊 ✓  信頼度=81%  NL=$78,394  TP=$74,735  (19本前)
  残高=¥12085.0  ポジション=0/10件(空き10)  連続損失=0回
[MT5] BTCUSD M5: 50本  2026-05-18〜2026-05-18
[MT5] BTCUSD M1: 50本  2026-05-18〜2026-05-18
[MT5] BTCUSD H1: 200本  2026-05-10〜2026-05-18

[01:46:49] #7 [SCALP]  close=$76,465.73  RSI_M5=51.0  RSI_M1=56.9  ATR=$180.09  残高=¥12085.0  lot=0.07(TP=0.5×ATR)  今日=0/20回
  action=NONE  signal=none  expected_profit=+$6.30(¥1002) target=¥1000  SL=$76,735.86  TP=$76,375.69  [待機中] H1=trend_down  M5=trend_down  MTF:BUY=NG  SELL=NG
  [H1パターン] 逆三尊 …  信頼度=94%  NL=$82,264  TP=$85,821  (82本前)
  [H1パターン] 逆三尊 …  信頼度=94%  NL=$82,264  TP=$85,649  (82本前)
  [H1パターン] Wボトム …  信頼度=91%  NL=$82,054  TP=$85,243  (67本前)
  [H1パターン] Wボトム …  信頼度=90%  NL=$82,054  TP=$85,329  (67本前)
  [H1パターン] ダブルトップ ✓  信頼度=87%  NL=$78,707  TP=$75,321  (95本前)
  [H1パターン] 三尊 ✓  信頼度=82%  NL=$78,394  TP=$74,735  (30本前)
  [H1パターン] ダブルトップ ✓  信頼度=82%  NL=$78,707  TP=$75,151  (95本前)
  [H1パターン] 三尊 ✓  信頼度=81%  NL=$78,394  TP=$74,735  (19本前)
  残高=¥12085.0  ポジション=0/10件(空き10)  連続損失=0回
[MT5] BTCUSD M5: 50本  2026-05-18〜2026-05-18
[MT5] BTCUSD M1: 50本  2026-05-18〜2026-05-18
[MT5] BTCUSD H1: 200本  2026-05-10〜2026-05-18

[01:46:55] #8 [SCALP]  close=$76,385.22  RSI_M5=47.6  RSI_M1=49.4  ATR=$182.70  残高=¥12085.0  lot=0.07(TP=0.5×ATR)  今日=0/20回
  action=NONE  signal=none  expected_profit=+$6.39(¥1016) target=¥1000  SL=$76,659.27  TP=$76,293.87  [待機中] H1=trend_down  M5=trend_down  MTF:BUY=NG  SELL=NG
  [H1パターン] 逆三尊 …  信頼度=94%  NL=$82,264  TP=$85,821  (82本前)
  [H1パターン] 逆三尊 …  信頼度=94%  NL=$82,264  TP=$85,649  (82本前)
  [H1パターン] Wボトム …  信頼度=91%  NL=$82,054  TP=$85,243  (67本前)
  [H1パターン] Wボトム …  信頼度=90%  NL=$82,054  TP=$85,329  (67本前)
  [H1パターン] ダブルトップ ✓  信頼度=87%  NL=$78,707  TP=$75,321  (95本前)
  [H1パターン] 三尊 ✓  信頼度=82%  NL=$78,394  TP=$74,735  (30本前)
  [H1パターン] ダブルトップ ✓  信頼度=82%  NL=$78,707  TP=$75,151  (95本前)
  [H1パターン] 三尊 ✓  信頼度=81%  NL=$78,394  TP=$74,735  (19本前)
  残高=¥12085.0  ポジション=0/10件(空き10)  連続損失=0回
[MT5] BTCUSD M5: 50本  2026-05-18〜2026-05-18
[MT5] BTCUSD M1: 50本  2026-05-18〜2026-05-18
[MT5] BTCUSD H1: 200本  2026-05-10〜2026-05-18

[01:47:00] #9 [SCALP]  close=$76,375.61  RSI_M5=47.2  RSI_M1=48.6  ATR=$182.70  残高=¥12085.0  lot=0.07(TP=0.5×ATR)  今日=0/20回
  action=NONE  signal=none  expected_profit=+$6.39(¥1016) target=¥1000  SL=$76,649.66  TP=$76,284.26  [待機中] H1=trend_down  M5=trend_down  MTF:BUY=NG  SELL=NG
  [H1パターン] 逆三尊 …  信頼度=94%  NL=$82,264  TP=$85,821  (82本前)
  [H1パターン] 逆三尊 …  信頼度=94%  NL=$82,264  TP=$85,649  (82本前)
  [H1パターン] Wボトム …  信頼度=91%  NL=$82,054  TP=$85,243  (67本前)
  [H1パターン] Wボトム …  信頼度=90%  NL=$82,054  TP=$85,329  (67本前)
  [H1パターン] ダブルトップ ✓  信頼度=87%  NL=$78,707  TP=$75,321  (95本前)
  [H1パターン] 三尊 ✓  信頼度=82%  NL=$78,394  TP=$74,735  (30本前)
  [H1パターン] ダブルトップ ✓  信頼度=82%  NL=$78,707  TP=$75,151  (95本前)
  [H1パターン] 三尊 ✓  信頼度=81%  NL=$78,394  TP=$74,735  (19本前)
  残高=¥12085.0  ポジション=0/10件(空き10)  連続損失=0回
[MT5] BTCUSD M5: 50本  2026-05-18〜2026-05-18
[MT5] BTCUSD M1: 50本  2026-05-18〜2026-05-18
[MT5] BTCUSD H1: 200本  2026-05-10〜2026-05-18

[01:47:04] #10 [SCALP]  close=$76,401.18  RSI_M5=48.2  RSI_M1=52.4  ATR=$182.70  残高=¥12085.0  lot=0.07(TP=0.5×ATR)  今日=0/20回
  action=NONE  signal=none  expected_profit=+$6.39(¥1016) target=¥1000  SL=$76,675.23  TP=$76,309.83  [待機中] H1=trend_down  M5=trend_down  MTF:BUY=NG  SELL=NG
  [H1パターン] 逆三尊 …  信頼度=94%  NL=$82,264  TP=$85,821  (82本前)
  [H1パターン] 逆三尊 …  信頼度=94%  NL=$82,264  TP=$85,649  (82本前)
  [H1パターン] Wボトム …  信頼度=91%  NL=$82,054  TP=$85,243  (67本前)
  [H1パターン] Wボトム …  信頼度=90%  NL=$82,054  TP=$85,329  (67本前)
  [H1パターン] ダブルトップ ✓  信頼度=87%  NL=$78,707  TP=$75,321  (95本前)
  [H1パターン] 三尊 ✓  信頼度=82%  NL=$78,394  TP=$74,735  (30本前)
  [H1パターン] ダブルトップ ✓  信頼度=82%  NL=$78,707  TP=$75,151  (95本前)
  [H1パターン] 三尊 ✓  信頼度=81%  NL=$78,394  TP=$74,735  (19本前)
  残高=¥12085.0  ポジション=0/10件(空き10)  連続損失=0回
[MT5] BTCUSD M5: 50本  2026-05-18〜2026-05-18
[MT5] BTCUSD M1: 50本  2026-05-18〜2026-05-18
[MT5] BTCUSD H1: 200本  2026-05-10〜2026-05-18

[01:47:10] #11 [SCALP]  close=$76,401.12  RSI_M5=48.2  RSI_M1=52.4  ATR=$182.70  残高=¥12085.0  lot=0.07(TP=0.5×ATR)  今日=0/20回
  action=NONE  signal=none  expected_profit=+$6.39(¥1016) target=¥1000  SL=$76,675.17  TP=$76,309.77  [待機中] H1=trend_down  M5=trend_down  MTF:BUY=NG  SELL=NG
  [H1パターン] 逆三尊 …  信頼度=94%  NL=$82,264  TP=$85,821  (82本前)
  [H1パターン] 逆三尊 …  信頼度=94%  NL=$82,264  TP=$85,649  (82本前)
  [H1パターン] Wボトム …  信頼度=91%  NL=$82,054  TP=$85,243  (67本前)
  [H1パターン] Wボトム …  信頼度=90%  NL=$82,054  TP=$85,329  (67本前)
  [H1パターン] ダブルトップ ✓  信頼度=87%  NL=$78,707  TP=$75,321  (95本前)
  [H1パターン] 三尊 ✓  信頼度=82%  NL=$78,394  TP=$74,735  (30本前)
  [H1パターン] ダブルトップ ✓  信頼度=82%  NL=$78,707  TP=$75,151  (95本前)
  [H1パターン] 三尊 ✓  信頼度=81%  NL=$78,394  TP=$74,735  (19本前)
  残高=¥12085.0  ポジション=0/10件(空き10)  連続損失=0回
[MT5] BTCUSD M5: 50本  2026-05-18〜2026-05-18
[MT5] BTCUSD M1: 50本  2026-05-18〜2026-05-18
[MT5] BTCUSD H1: 200本  2026-05-10〜2026-05-18

[01:47:15] #12 [SCALP]  close=$76,426.31  RSI_M5=49.3  RSI_M1=54.4  ATR=$182.70  残高=¥12085.0  lot=0.07(TP=0.5×ATR)  今日=0/20回
  action=NONE  signal=none  expected_profit=+$6.39(¥1016) target=¥1000  SL=$76,700.36  TP=$76,334.96  [待機中] H1=trend_down  M5=trend_down  MTF:BUY=NG  SELL=NG
  [H1パターン] 逆三尊 …  信頼度=94%  NL=$82,264  TP=$85,821  (82本前)
  [H1パターン] 逆三尊 …  信頼度=94%  NL=$82,264  TP=$85,649  (82本前)
  [H1パターン] Wボトム …  信頼度=91%  NL=$82,054  TP=$85,243  (67本前)
  [H1パターン] Wボトム …  信頼度=90%  NL=$82,054  TP=$85,329  (67本前)
  [H1パターン] ダブルトップ ✓  信頼度=87%  NL=$78,707  TP=$75,321  (95本前)
  [H1パターン] 三尊 ✓  信頼度=82%  NL=$78,394  TP=$74,735  (30本前)
  [H1パターン] ダブルトップ ✓  信頼度=82%  NL=$78,707  TP=$75,151  (95本前)
  [H1パターン] 三尊 ✓  信頼度=81%  NL=$78,394  TP=$74,735  (19本前)
  残高=¥12085.0  ポジション=0/10件(空き10)  連続損失=0回
[MT5] BTCUSD M5: 50本  2026-05-18〜2026-05-18
[MT5] BTCUSD M1: 50本  2026-05-18〜2026-05-18
[MT5] BTCUSD H1: 200本  2026-05-10〜2026-05-18

[01:47:19] #13 [SCALP]  close=$76,432.19  RSI_M5=49.6  RSI_M1=54.8  ATR=$182.70  残高=¥12085.0  lot=0.07(TP=0.5×ATR)  今日=0/20回
  action=NONE  signal=none  expected_profit=+$6.39(¥1016) target=¥1000  SL=$76,706.24  TP=$76,340.84  [待機中] H1=trend_down  M5=trend_down  MTF:BUY=NG  SELL=NG
  [H1パターン] 逆三尊 …  信頼度=94%  NL=$82,264  TP=$85,821  (82本前)
  [H1パターン] 逆三尊 …  信頼度=94%  NL=$82,264  TP=$85,649  (82本前)
  [H1パターン] Wボトム …  信頼度=91%  NL=$82,054  TP=$85,243  (67本前)
  [H1パターン] Wボトム …  信頼度=90%  NL=$82,054  TP=$85,329  (67本前)
  [H1パターン] ダブルトップ ✓  信頼度=87%  NL=$78,707  TP=$75,321  (95本前)
  [H1パターン] 三尊 ✓  信頼度=82%  NL=$78,394  TP=$74,735  (30本前)
  [H1パターン] ダブルトップ ✓  信頼度=82%  NL=$78,707  TP=$75,151  (95本前)
  [H1パターン] 三尊 ✓  信頼度=81%  NL=$78,394  TP=$74,735  (19本前)
  残高=¥12085.0  ポジション=0/10件(空き10)  連続損失=0回
[MT5] BTCUSD M5: 50本  2026-05-18〜2026-05-18
[MT5] BTCUSD M1: 50本  2026-05-18〜2026-05-18
[MT5] BTCUSD H1: 200本  2026-05-10〜2026-05-18

[01:47:25] #14 [SCALP]  close=$76,431.14  RSI_M5=49.6  RSI_M1=54.8  ATR=$182.70  残高=¥12085.0  lot=0.07(TP=0.5×ATR)  今日=0/20回
  action=NONE  signal=none  expected_profit=+$6.39(¥1016) target=¥1000  SL=$76,705.19  TP=$76,339.79  [待機中] H1=trend_down  M5=trend_down  MTF:BUY=NG  SELL=NG
  [H1パターン] 逆三尊 …  信頼度=94%  NL=$82,264  TP=$85,821  (82本前)
  [H1パターン] 逆三尊 …  信頼度=94%  NL=$82,264  TP=$85,649  (82本前)
  [H1パターン] Wボトム …  信頼度=91%  NL=$82,054  TP=$85,243  (67本前)
  [H1パターン] Wボトム …  信頼度=90%  NL=$82,054  TP=$85,329  (67本前)
  [H1パターン] ダブルトップ ✓  信頼度=87%  NL=$78,707  TP=$75,321  (95本前)
  [H1パターン] 三尊 ✓  信頼度=82%  NL=$78,394  TP=$74,735  (30本前)
  [H1パターン] ダブルトップ ✓  信頼度=82%  NL=$78,707  TP=$75,151  (95本前)
  [H1パターン] 三尊 ✓  信頼度=81%  NL=$78,394  TP=$74,735  (19本前)
  残高=¥12085.0  ポジション=0/10件(空き10)  連続損失=0回
[MT5] BTCUSD M5: 50本  2026-05-18〜2026-05-18
[MT5] BTCUSD M1: 50本  2026-05-18〜2026-05-18
[MT5] BTCUSD H1: 200本  2026-05-10〜2026-05-18

[01:47:29] #15 [SCALP]  close=$76,410.01  RSI_M5=48.6  RSI_M1=53.1  ATR=$182.70  残高=¥12085.0  lot=0.07(TP=0.5×ATR)  今日=0/20回
  action=NONE  signal=none  expected_profit=+$6.39(¥1016) target=¥1000  SL=$76,684.06  TP=$76,318.66  [待機中] H1=trend_down  M5=trend_down  MTF:BUY=NG  SELL=NG
  [H1パターン] 逆三尊 …  信頼度=94%  NL=$82,264  TP=$85,821  (82本前)
  [H1パターン] 逆三尊 …  信頼度=94%  NL=$82,264  TP=$85,649  (82本前)
  [H1パターン] Wボトム …  信頼度=91%  NL=$82,054  TP=$85,243  (67本前)
  [H1パターン] Wボトム …  信頼度=90%  NL=$82,054  TP=$85,329  (67本前)
  [H1パターン] ダブルトップ ✓  信頼度=87%  NL=$78,707  TP=$75,321  (95本前)
  [H1パターン] 三尊 ✓  信頼度=82%  NL=$78,394  TP=$74,735  (30本前)
  [H1パターン] ダブルトップ ✓  信頼度=82%  NL=$78,707  TP=$75,151  (95本前)
  [H1パターン] 三尊 ✓  信頼度=81%  NL=$78,394  TP=$74,735  (19本前)
  残高=¥12085.0  ポジション=0/10件(空き10)  連続損失=0回
[MT5] BTCUSD M5: 50本  2026-05-18〜2026-05-18
[MT5] BTCUSD M1: 50本  2026-05-18〜2026-05-18
[MT5] BTCUSD H1: 200本  2026-05-10〜2026-05-18

[01:47:34] #16 [SCALP]  close=$76,428.10  RSI_M5=49.4  RSI_M1=54.5  ATR=$182.70  残高=¥12085.0  lot=0.07(TP=0.5×ATR)  今日=0/20回
  action=NONE  signal=none  expected_profit=+$6.39(¥1016) target=¥1000  SL=$76,702.15  TP=$76,336.75  [待機中] H1=trend_down  M5=trend_down  MTF:BUY=NG  SELL=NG
  [H1パターン] 逆三尊 …  信頼度=94%  NL=$82,264  TP=$85,821  (82本前)
  [H1パターン] 逆三尊 …  信頼度=94%  NL=$82,264  TP=$85,649  (82本前)
  [H1パターン] Wボトム …  信頼度=91%  NL=$82,054  TP=$85,243  (67本前)
  [H1パターン] Wボトム …  信頼度=90%  NL=$82,054  TP=$85,329  (67本前)
  [H1パターン] ダブルトップ ✓  信頼度=87%  NL=$78,707  TP=$75,321  (95本前)
  [H1パターン] 三尊 ✓  信頼度=82%  NL=$78,394  TP=$74,735  (30本前)
  [H1パターン] ダブルトップ ✓  信頼度=82%  NL=$78,707  TP=$75,151  (95本前)
  [H1パターン] 三尊 ✓  信頼度=81%  NL=$78,394  TP=$74,735  (19本前)
  残高=¥12085.0  ポジション=0/10件(空き10)  連続損失=0回
[MT5] BTCUSD M5: 50本  2026-05-18〜2026-05-18
[MT5] BTCUSD M1: 50本  2026-05-18〜2026-05-18
[MT5] BTCUSD H1: 200本  2026-05-10〜2026-05-18

[01:47:39] #17 [SCALP]  close=$76,432.63  RSI_M5=49.6  RSI_M1=54.9  ATR=$182.70  残高=¥12085.0  lot=0.07(TP=0.5×ATR)  今日=0/20回
  action=NONE  signal=none  expected_profit=+$6.39(¥1016) target=¥1000  SL=$76,706.68  TP=$76,341.28  [待機中] H1=trend_down  M5=trend_down  MTF:BUY=NG  SELL=NG
  [H1パターン] 逆三尊 …  信頼度=94%  NL=$82,264  TP=$85,821  (82本前)
  [H1パターン] 逆三尊 …  信頼度=94%  NL=$82,264  TP=$85,649  (82本前)
  [H1パターン] Wボトム …  信頼度=91%  NL=$82,054  TP=$85,243  (67本前)
  [H1パターン] Wボトム …  信頼度=90%  NL=$82,054  TP=$85,329  (67本前)
  [H1パターン] ダブルトップ ✓  信頼度=87%  NL=$78,707  TP=$75,321  (95本前)
  [H1パターン] 三尊 ✓  信頼度=82%  NL=$78,394  TP=$74,735  (30本前)
  [H1パターン] ダブルトップ ✓  信頼度=82%  NL=$78,707  TP=$75,151  (95本前)
  [H1パターン] 三尊 ✓  信頼度=81%  NL=$78,394  TP=$74,735  (19本前)
  残高=¥12085.0  ポジション=0/10件(空き10)  連続損失=0回
[MT5] BTCUSD M5: 50本  2026-05-18〜2026-05-18
[MT5] BTCUSD M1: 50本  2026-05-18〜2026-05-18
[MT5] BTCUSD H1: 200本  2026-05-10〜2026-05-18

[01:47:44] #18 [SCALP]  close=$76,435.07  RSI_M5=49.7  RSI_M1=55.1  ATR=$182.70  残高=¥12085.0  lot=0.07(TP=0.5×ATR)  今日=0/20回
  action=NONE  signal=none  expected_profit=+$6.39(¥1016) target=¥1000  SL=$76,709.12  TP=$76,343.72  [待機中] H1=trend_down  M5=trend_down  MTF:BUY=NG  SELL=NG
  [H1パターン] 逆三尊 …  信頼度=94%  NL=$82,264  TP=$85,821  (82本前)
  [H1パターン] 逆三尊 …  信頼度=94%  NL=$82,264  TP=$85,649  (82本前)
  [H1パターン] Wボトム …  信頼度=91%  NL=$82,054  TP=$85,243  (67本前)
  [H1パターン] Wボトム …  信頼度=90%  NL=$82,054  TP=$85,329  (67本前)
  [H1パターン] ダブルトップ ✓  信頼度=87%  NL=$78,707  TP=$75,321  (95本前)
  [H1パターン] 三尊 ✓  信頼度=82%  NL=$78,394  TP=$74,735  (30本前)
  [H1パターン] ダブルトップ ✓  信頼度=82%  NL=$78,707  TP=$75,151  (95本前)
  [H1パターン] 三尊 ✓  信頼度=81%  NL=$78,394  TP=$74,735  (19本前)
  残高=¥12085.0  ポジション=0/10件(空き10)  連続損失=0回
[MT5] BTCUSD M5: 50本  2026-05-18〜2026-05-18
[MT5] BTCUSD M1: 50本  2026-05-18〜2026-05-18
[MT5] BTCUSD H1: 200本  2026-05-10〜2026-05-18

[01:47:49] #19 [SCALP]  close=$76,457.71  RSI_M5=50.7  RSI_M1=56.7  ATR=$182.70  残高=¥12085.0  lot=0.07(TP=0.5×ATR)  今日=0/20回
  action=NONE  signal=none  expected_profit=+$6.39(¥1016) target=¥1000  SL=$76,731.76  TP=$76,366.36  [待機中] H1=trend_down  M5=trend_down  MTF:BUY=NG  SELL=NG
  [H1パターン] 逆三尊 …  信頼度=94%  NL=$82,264  TP=$85,821  (82本前)
  [H1パターン] 逆三尊 …  信頼度=94%  NL=$82,264  TP=$85,649  (82本前)
  [H1パターン] Wボトム …  信頼度=91%  NL=$82,054  TP=$85,243  (67本前)
  [H1パターン] Wボトム …  信頼度=90%  NL=$82,054  TP=$85,329  (67本前)
  [H1パターン] ダブルトップ ✓  信頼度=87%  NL=$78,707  TP=$75,321  (95本前)
  [H1パターン] 三尊 ✓  信頼度=82%  NL=$78,394  TP=$74,735  (30本前)
  [H1パターン] ダブルトップ ✓  信頼度=82%  NL=$78,707  TP=$75,151  (95本前)
  [H1パターン] 三尊 ✓  信頼度=81%  NL=$78,394  TP=$74,735  (19本前)
  残高=¥12085.0  ポジション=0/10件(空き10)  連続損失=0回
[MT5] BTCUSD M5: 50本  2026-05-18〜2026-05-18
[MT5] BTCUSD M1: 50本  2026-05-18〜2026-05-18
[MT5] BTCUSD H1: 200本  2026-05-10〜2026-05-18

[01:47:54] #20 [SCALP]  close=$76,451.45  RSI_M5=50.4  RSI_M1=56.2  ATR=$182.70  残高=¥12085.0  lot=0.07(TP=0.5×ATR)  今日=0/20回
  action=NONE  signal=none  expected_profit=+$6.39(¥1016) target=¥1000  SL=$76,725.50  TP=$76,360.10  [待機中] H1=trend_down  M5=trend_down  MTF:BUY=NG  SELL=NG
  [H1パターン] 逆三尊 …  信頼度=94%  NL=$82,264  TP=$85,821  (82本前)
  [H1パターン] 逆三尊 …  信頼度=94%  NL=$82,264  TP=$85,649  (82本前)
  [H1パターン] Wボトム …  信頼度=91%  NL=$82,054  TP=$85,243  (67本前)
  [H1パターン] Wボトム …  信頼度=90%  NL=$82,054  TP=$85,329  (67本前)
  [H1パターン] ダブルトップ ✓  信頼度=87%  NL=$78,707  TP=$75,321  (95本前)
  [H1パターン] 三尊 ✓  信頼度=82%  NL=$78,394  TP=$74,735  (30本前)
  [H1パターン] ダブルトップ ✓  信頼度=82%  NL=$78,707  TP=$75,151  (95本前)
  [H1パターン] 三尊 ✓  信頼度=81%  NL=$78,394  TP=$74,735  (19本前)
  残高=¥12085.0  ポジション=0/10件(空き10)  連続損失=0回
[MT5] BTCUSD M5: 50本  2026-05-18〜2026-05-18
[MT5] BTCUSD M1: 50本  2026-05-18〜2026-05-18
[MT5] BTCUSD H1: 200本  2026-05-10〜2026-05-18

[01:48:00] #21 [SCALP]  close=$76,451.57  RSI_M5=50.4  RSI_M1=56.2  ATR=$182.70  残高=¥12085.0  lot=0.07(TP=0.5×ATR)  今日=0/20回
  action=NONE  signal=none  expected_profit=+$6.39(¥1016) target=¥1000  SL=$76,725.62  TP=$76,360.22  [待機中] H1=trend_down  M5=trend_down  MTF:BUY=NG  SELL=NG
  [H1パターン] 逆三尊 …  信頼度=94%  NL=$82,264  TP=$85,821  (82本前)
  [H1パターン] 逆三尊 …  信頼度=94%  NL=$82,264  TP=$85,649  (82本前)
  [H1パターン] Wボトム …  信頼度=91%  NL=$82,054  TP=$85,243  (67本前)
  [H1パターン] Wボトム …  信頼度=90%  NL=$82,054  TP=$85,329  (67本前)
  [H1パターン] ダブルトップ ✓  信頼度=87%  NL=$78,707  TP=$75,321  (95本前)
  [H1パターン] 三尊 ✓  信頼度=82%  NL=$78,394  TP=$74,735  (30本前)
  [H1パターン] ダブルトップ ✓  信頼度=82%  NL=$78,707  TP=$75,151  (95本前)
  [H1パターン] 三尊 ✓  信頼度=81%  NL=$78,394  TP=$74,735  (19本前)
  残高=¥12085.0  ポジション=0/10件(空き10)  連続損失=0回
[MT5] BTCUSD M5: 50本  2026-05-18〜2026-05-18
[MT5] BTCUSD M1: 50本  2026-05-18〜2026-05-18
[MT5] BTCUSD H1: 200本  2026-05-10〜2026-05-18

[01:48:05] #22 [SCALP]  close=$76,464.98  RSI_M5=51.0  RSI_M1=53.3  ATR=$182.70  残高=¥12085.0  lot=0.07(TP=0.5×ATR)  今日=0/20回
  action=NONE  signal=none  expected_profit=+$6.39(¥1016) target=¥1000  SL=$76,739.03  TP=$76,373.63  [待機中] H1=trend_down  M5=trend_down  MTF:BUY=NG  SELL=NG
  [H1パターン] 逆三尊 …  信頼度=94%  NL=$82,264  TP=$85,821  (82本前)
  [H1パターン] 逆三尊 …  信頼度=94%  NL=$82,264  TP=$85,649  (82本前)
  [H1パターン] Wボトム …  信頼度=91%  NL=$82,054  TP=$85,243  (67本前)
  [H1パターン] Wボトム …  信頼度=90%  NL=$82,054  TP=$85,329  (67本前)
  [H1パターン] ダブルトップ ✓  信頼度=87%  NL=$78,707  TP=$75,321  (95本前)
  [H1パターン] 三尊 ✓  信頼度=82%  NL=$78,394  TP=$74,735  (30本前)
  [H1パターン] ダブルトップ ✓  信頼度=82%  NL=$78,707  TP=$75,151  (95本前)
  [H1パターン] 三尊 ✓  信頼度=81%  NL=$78,394  TP=$74,735  (19本前)
  残高=¥12085.0  ポジション=0/10件(空き10)  連続損失=0回
[MT5] BTCUSD M5: 50本  2026-05-18〜2026-05-18
[MT5] BTCUSD M1: 50本  2026-05-18〜2026-05-18
[MT5] BTCUSD H1: 200本  2026-05-10〜2026-05-18

[01:48:10] #23 [SCALP]  close=$76,473.19  RSI_M5=51.3  RSI_M1=53.9  ATR=$182.70  残高=¥12085.0  lot=0.07(TP=0.5×ATR)  今日=0/20回
  action=NONE  signal=none  expected_profit=+$6.39(¥1016) target=¥1000  SL=$76,747.24  TP=$76,381.84  [待機中] H1=trend_down  M5=trend_down  MTF:BUY=NG  SELL=NG
  [H1パターン] 逆三尊 …  信頼度=94%  NL=$82,264  TP=$85,821  (82本前)
  [H1パターン] 逆三尊 …  信頼度=94%  NL=$82,264  TP=$85,649  (82本前)
  [H1パターン] Wボトム …  信頼度=91%  NL=$82,054  TP=$85,243  (67本前)
  [H1パターン] Wボトム …  信頼度=90%  NL=$82,054  TP=$85,329  (67本前)
  [H1パターン] ダブルトップ ✓  信頼度=87%  NL=$78,707  TP=$75,321  (95本前)
  [H1パターン] 三尊 ✓  信頼度=82%  NL=$78,394  TP=$74,735  (30本前)
  [H1パターン] ダブルトップ ✓  信頼度=82%  NL=$78,707  TP=$75,151  (95本前)
  [H1パターン] 三尊 ✓  信頼度=81%  NL=$78,394  TP=$74,735  (19本前)
  残高=¥12085.0  ポジション=0/10件(空き10)  連続損失=0回
[MT5] BTCUSD M5: 50本  2026-05-18〜2026-05-18
[MT5] BTCUSD M1: 50本  2026-05-18〜2026-05-18
[MT5] BTCUSD H1: 200本  2026-05-10〜2026-05-18

[01:48:15] #24 [SCALP]  close=$76,450.53  RSI_M5=50.4  RSI_M1=52.2  ATR=$182.70  残高=¥12085.0  lot=0.07(TP=0.5×ATR)  今日=0/20回
  action=NONE  signal=none  expected_profit=+$6.39(¥1016) target=¥1000  SL=$76,724.58  TP=$76,359.18  [待機中] H1=trend_down  M5=trend_down  MTF:BUY=NG  SELL=NG
  [H1パターン] 逆三尊 …  信頼度=94%  NL=$82,264  TP=$85,821  (82本前)
  [H1パターン] 逆三尊 …  信頼度=94%  NL=$82,264  TP=$85,649  (82本前)
  [H1パターン] Wボトム …  信頼度=91%  NL=$82,054  TP=$85,243  (67本前)
  [H1パターン] Wボトム …  信頼度=90%  NL=$82,054  TP=$85,329  (67本前)
  [H1パターン] ダブルトップ ✓  信頼度=87%  NL=$78,707  TP=$75,321  (95本前)
  [H1パターン] 三尊 ✓  信頼度=82%  NL=$78,394  TP=$74,735  (30本前)
  [H1パターン] ダブルトップ ✓  信頼度=82%  NL=$78,707  TP=$75,151  (95本前)
  [H1パターン] 三尊 ✓  信頼度=81%  NL=$78,394  TP=$74,735  (19本前)
  残高=¥12085.0  ポジション=0/10件(空き10)  連続損失=0回
[MT5] BTCUSD M5: 50本  2026-05-18〜2026-05-18
[MT5] BTCUSD M1: 50本  2026-05-18〜2026-05-18
[MT5] BTCUSD H1: 200本  2026-05-10〜2026-05-18

[01:48:20] #25 [SCALP]  close=$76,447.98  RSI_M5=50.3  RSI_M1=52.0  ATR=$182.70  残高=¥12085.0  lot=0.07(TP=0.5×ATR)  今日=0/20回
  action=NONE  signal=none  expected_profit=+$6.39(¥1016) target=¥1000  SL=$76,722.03  TP=$76,356.63  [待機中] H1=trend_down  M5=trend_down  MTF:BUY=NG  SELL=NG
  [H1パターン] 逆三尊 …  信頼度=94%  NL=$82,264  TP=$85,821  (82本前)
  [H1パターン] 逆三尊 …  信頼度=94%  NL=$82,264  TP=$85,649  (82本前)
  [H1パターン] Wボトム …  信頼度=91%  NL=$82,054  TP=$85,243  (67本前)
  [H1パターン] Wボトム …  信頼度=90%  NL=$82,054  TP=$85,329  (67本前)
  [H1パターン] ダブルトップ ✓  信頼度=87%  NL=$78,707  TP=$75,321  (95本前)
  [H1パターン] 三尊 ✓  信頼度=82%  NL=$78,394  TP=$74,735  (30本前)
  [H1パターン] ダブルトップ ✓  信頼度=82%  NL=$78,707  TP=$75,151  (95本前)
  [H1パターン] 三尊 ✓  信頼度=81%  NL=$78,394  TP=$74,735  (19本前)
  残高=¥12085.0  ポジション=0/10件(空き10)  連続損失=0回
[MT5] BTCUSD M5: 50本  2026-05-18〜2026-05-18
[MT5] BTCUSD M1: 50本  2026-05-18〜2026-05-18
[MT5] BTCUSD H1: 200本  2026-05-10〜2026-05-18

[01:48:25] #26 [SCALP]  close=$76,458.31  RSI_M5=50.7  RSI_M1=52.8  ATR=$182.70  残高=¥12085.0  lot=0.07(TP=0.5×ATR)  今日=0/20回
  action=NONE  signal=none  expected_profit=+$6.39(¥1016) target=¥1000  SL=$76,732.36  TP=$76,366.96  [待機中] H1=trend_down  M5=trend_down  MTF:BUY=NG  SELL=NG
  [H1パターン] 逆三尊 …  信頼度=94%  NL=$82,264  TP=$85,821  (82本前)
  [H1パターン] 逆三尊 …  信頼度=94%  NL=$82,264  TP=$85,649  (82本前)
  [H1パターン] Wボトム …  信頼度=91%  NL=$82,054  TP=$85,243  (67本前)
  [H1パターン] Wボトム …  信頼度=90%  NL=$82,054  TP=$85,329  (67本前)
  [H1パターン] ダブルトップ ✓  信頼度=87%  NL=$78,707  TP=$75,321  (95本前)
  [H1パターン] 三尊 ✓  信頼度=82%  NL=$78,394  TP=$74,735  (30本前)
  [H1パターン] ダブルトップ ✓  信頼度=82%  NL=$78,707  TP=$75,151  (95本前)
  [H1パターン] 三尊 ✓  信頼度=81%  NL=$78,394  TP=$74,735  (19本前)
  残高=¥12085.0  ポジション=0/10件(空き10)  連続損失=0回
[MT5] BTCUSD M5: 50本  2026-05-18〜2026-05-18
[MT5] BTCUSD M1: 50本  2026-05-18〜2026-05-18
[MT5] BTCUSD H1: 200本  2026-05-10〜2026-05-18

[01:48:29] #27 [SCALP]  close=$76,456.84  RSI_M5=50.6  RSI_M1=52.7  ATR=$182.70  残高=¥12085.0  lot=0.07(TP=0.5×ATR)  今日=0/20回
  action=NONE  signal=none  expected_profit=+$6.39(¥1016) target=¥1000  SL=$76,730.89  TP=$76,365.49  [待機中] H1=trend_down  M5=trend_down  MTF:BUY=NG  SELL=NG
  [H1パターン] 逆三尊 …  信頼度=94%  NL=$82,264  TP=$85,821  (82本前)
  [H1パターン] 逆三尊 …  信頼度=94%  NL=$82,264  TP=$85,649  (82本前)
  [H1パターン] Wボトム …  信頼度=91%  NL=$82,054  TP=$85,243  (67本前)
  [H1パターン] Wボトム …  信頼度=90%  NL=$82,054  TP=$85,329  (67本前)
  [H1パターン] ダブルトップ ✓  信頼度=87%  NL=$78,707  TP=$75,321  (95本前)
  [H1パターン] 三尊 ✓  信頼度=82%  NL=$78,394  TP=$74,735  (30本前)
  [H1パターン] ダブルトップ ✓  信頼度=82%  NL=$78,707  TP=$75,151  (95本前)
  [H1パターン] 三尊 ✓  信頼度=81%  NL=$78,394  TP=$74,735  (19本前)
  残高=¥12085.0  ポジション=0/10件(空き10)  連続損失=0回
[MT5] BTCUSD M5: 50本  2026-05-18〜2026-05-18
[MT5] BTCUSD M1: 50本  2026-05-18〜2026-05-18
[MT5] BTCUSD H1: 200本  2026-05-10〜2026-05-18

[01:48:36] #28 [SCALP]  close=$76,435.30  RSI_M5=49.7  RSI_M1=50.9  ATR=$182.70  残高=¥12085.0  lot=0.07(TP=0.5×ATR)  今日=0/20回
  action=NONE  signal=none  expected_profit=+$6.39(¥1016) target=¥1000  SL=$76,709.35  TP=$76,343.95  [待機中] H1=trend_down  M5=trend_down  MTF:BUY=NG  SELL=NG
  [H1パターン] 逆三尊 …  信頼度=94%  NL=$82,264  TP=$85,821  (82本前)
  [H1パターン] 逆三尊 …  信頼度=94%  NL=$82,264  TP=$85,649  (82本前)
  [H1パターン] Wボトム …  信頼度=91%  NL=$82,054  TP=$85,243  (67本前)
  [H1パターン] Wボトム …  信頼度=90%  NL=$82,054  TP=$85,329  (67本前)
  [H1パターン] ダブルトップ ✓  信頼度=87%  NL=$78,707  TP=$75,321  (95本前)
  [H1パターン] 三尊 ✓  信頼度=82%  NL=$78,394  TP=$74,735  (30本前)
  [H1パターン] ダブルトップ ✓  信頼度=82%  NL=$78,707  TP=$75,151  (95本前)
  [H1パターン] 三尊 ✓  信頼度=81%  NL=$78,394  TP=$74,735  (19本前)
  残高=¥12085.0  ポジション=0/10件(空き10)  連続損失=0回
[MT5] BTCUSD M5: 50本  2026-05-18〜2026-05-18
[MT5] BTCUSD M1: 50本  2026-05-18〜2026-05-18
[MT5] BTCUSD H1: 200本  2026-05-10〜2026-05-18

[01:48:41] #29 [SCALP]  close=$76,449.54  RSI_M5=50.3  RSI_M1=52.1  ATR=$182.70  残高=¥12085.0  lot=0.07(TP=0.5×ATR)  今日=0/20回
  action=NONE  signal=none  expected_profit=+$6.39(¥1016) target=¥1000  SL=$76,723.59  TP=$76,358.19  [待機中] H1=trend_down  M5=trend_down  MTF:BUY=NG  SELL=NG
  [H1パターン] 逆三尊 …  信頼度=94%  NL=$82,264  TP=$85,821  (82本前)
  [H1パターン] 逆三尊 …  信頼度=94%  NL=$82,264  TP=$85,649  (82本前)
  [H1パターン] Wボトム …  信頼度=91%  NL=$82,054  TP=$85,243  (67本前)
  [H1パターン] Wボトム …  信頼度=90%  NL=$82,054  TP=$85,329  (67本前)
  [H1パターン] ダブルトップ ✓  信頼度=87%  NL=$78,707  TP=$75,321  (95本前)
  [H1パターン] 三尊 ✓  信頼度=82%  NL=$78,394  TP=$74,735  (30本前)
  [H1パターン] ダブルトップ ✓  信頼度=82%  NL=$78,707  TP=$75,151  (95本前)
  [H1パターン] 三尊 ✓  信頼度=81%  NL=$78,394  TP=$74,735  (19本前)
  残高=¥12085.0  ポジション=0/10件(空き10)  連続損失=0回
[MT5] BTCUSD M5: 50本  2026-05-18〜2026-05-18
[MT5] BTCUSD M1: 50本  2026-05-18〜2026-05-18
[MT5] BTCUSD H1: 200本  2026-05-10〜2026-05-18

[01:48:47] #30 [SCALP]  close=$76,458.85  RSI_M5=50.7  RSI_M1=52.9  ATR=$182.70  残高=¥12085.0  lot=0.07(TP=0.5×ATR)  今日=0/20回
  action=NONE  signal=none  expected_profit=+$6.39(¥1016) target=¥1000  SL=$76,732.90  TP=$76,367.50  [待機中] H1=trend_down  M5=trend_down  MTF:BUY=NG  SELL=NG
  [H1パターン] 逆三尊 …  信頼度=94%  NL=$82,264  TP=$85,821  (82本前)
  [H1パターン] 逆三尊 …  信頼度=94%  NL=$82,264  TP=$85,649  (82本前)
  [H1パターン] Wボトム …  信頼度=91%  NL=$82,054  TP=$85,243  (67本前)
  [H1パターン] Wボトム …  信頼度=90%  NL=$82,054  TP=$85,329  (67本前)
  [H1パターン] ダブルトップ ✓  信頼度=87%  NL=$78,707  TP=$75,321  (95本前)
  [H1パターン] 三尊 ✓  信頼度=82%  NL=$78,394  TP=$74,735  (30本前)
  [H1パターン] ダブルトップ ✓  信頼度=82%  NL=$78,707  TP=$75,151  (95本前)
  [H1パターン] 三尊 ✓  信頼度=81%  NL=$78,394  TP=$74,735  (19本前)
  残高=¥12085.0  ポジション=0/10件(空き10)  連続損失=0回
[ルール] trading_rules.json 読み込み完了
============================================================
  MT5 EA ブリッジ  [BTCUSD]  モード: SCALP
  signal.json  → C:\Users\YK\AppData\Roaming\MetaQuotes\Terminal\Common\Files\signal_BTCUSD.json
  signal copy  → G:\マイドライブ\mt5_log\signal_BTCUSD.json
  ea_state.json← C:\Users\YK\AppData\Roaming\MetaQuotes\Terminal\Common\Files\ea_state_BTCUSD.json
  ポーリング   : 5秒  （Ctrl+C で終了）
  目標利益     : 1000円  クールダウン : 15分  日次上限     : 20回
  時間帯バイアス: bias_file 未生成 → analyze_time_bias.py を先に実行してください
============================================================
[MT5] 接続OK: BTCUSD  digits=2  spread=980pt
[SMA20マージン] BTCUSD: 10.57 USD (キャッシュ)
  SMA20タッチマージン: BTCUSD = 10.57 USD
[JPY/USD] 更新: 158.893
[MT5] BTCUSD M5: 50本  2026-05-18〜2026-05-18
[MT5] BTCUSD M1: 50本  2026-05-18〜2026-05-18
[MT5] BTCUSD H1: 200本  2026-05-10〜2026-05-18

[01:49:32] #1 [SCALP]  close=$76,369.04  RSI_M5=46.9  RSI_M1=49.6  ATR=$182.70  残高=¥12085.0  lot=0.07(TP=0.5×ATR)  今日=0/20回
  action=NONE  signal=none  expected_profit=+$6.39(¥1016) target=¥1000  SL=$76,643.09  TP=$76,277.69  [待機中] H1=trend_down  M5=trend_down  MTF:BUY=NG  SELL=NG
  [H1パターン] 逆三尊 …  信頼度=94%  NL=$82,264  TP=$85,821  (82本前)
  [H1パターン] 逆三尊 …  信頼度=94%  NL=$82,264  TP=$85,649  (82本前)
  [H1パターン] Wボトム …  信頼度=91%  NL=$82,054  TP=$85,243  (67本前)
  [H1パターン] Wボトム …  信頼度=90%  NL=$82,054  TP=$85,329  (67本前)
  [H1パターン] ダブルトップ ✓  信頼度=87%  NL=$78,707  TP=$75,321  (95本前)
  [H1パターン] 三尊 ✓  信頼度=82%  NL=$78,394  TP=$74,735  (30本前)
  [H1パターン] ダブルトップ ✓  信頼度=82%  NL=$78,707  TP=$75,151  (95本前)
  [H1パターン] 三尊 ✓  信頼度=81%  NL=$78,394  TP=$74,735  (19本前)
  残高=¥12085.0  ポジション=0/10件(空き10)  連続損失=0回
[MT5] BTCUSD M5: 50本  2026-05-18〜2026-05-18
[MT5] BTCUSD M1: 50本  2026-05-18〜2026-05-18
[MT5] BTCUSD H1: 200本  2026-05-10〜2026-05-18

[01:49:37] #2 [SCALP]  close=$76,391.33  RSI_M5=47.8  RSI_M1=51.4  ATR=$182.70  残高=¥12085.0  lot=0.07(TP=0.5×ATR)  今日=0/20回
  action=NONE  signal=none  expected_profit=+$6.39(¥1016) target=¥1000  SL=$76,665.38  TP=$76,299.98  [待機中] H1=trend_down  M5=trend_down  MTF:BUY=NG  SELL=NG
  [H1パターン] 逆三尊 …  信頼度=94%  NL=$82,264  TP=$85,821  (82本前)
  [H1パターン] 逆三尊 …  信頼度=94%  NL=$82,264  TP=$85,649  (82本前)
  [H1パターン] Wボトム …  信頼度=91%  NL=$82,054  TP=$85,243  (67本前)
  [H1パターン] Wボトム …  信頼度=90%  NL=$82,054  TP=$85,329  (67本前)
  [H1パターン] ダブルトップ ✓  信頼度=87%  NL=$78,707  TP=$75,321  (95本前)
  [H1パターン] 三尊 ✓  信頼度=82%  NL=$78,394  TP=$74,735  (30本前)
  [H1パターン] ダブルトップ ✓  信頼度=82%  NL=$78,707  TP=$75,151  (95本前)
  [H1パターン] 三尊 ✓  信頼度=81%  NL=$78,394  TP=$74,735  (19本前)
  残高=¥12085.0  ポジション=0/10件(空き10)  連続損失=0回
[MT5] BTCUSD M5: 50本  2026-05-18〜2026-05-18
[MT5] BTCUSD M1: 50本  2026-05-18〜2026-05-18
[MT5] BTCUSD H1: 200本  2026-05-10〜2026-05-18

[01:49:42] #3 [SCALP]  close=$76,396.91  RSI_M5=48.0  RSI_M1=51.9  ATR=$182.70  残高=¥12085.0  lot=0.07(TP=0.5×ATR)  今日=0/20回
  action=NONE  signal=none  expected_profit=+$6.39(¥1016) target=¥1000  SL=$76,670.96  TP=$76,305.56  [待機中] H1=trend_down  M5=trend_down  MTF:BUY=NG  SELL=NG
  [H1パターン] 逆三尊 …  信頼度=94%  NL=$82,264  TP=$85,821  (82本前)
  [H1パターン] 逆三尊 …  信頼度=94%  NL=$82,264  TP=$85,649  (82本前)
  [H1パターン] Wボトム …  信頼度=91%  NL=$82,054  TP=$85,243  (67本前)
  [H1パターン] Wボトム …  信頼度=90%  NL=$82,054  TP=$85,329  (67本前)
  [H1パターン] ダブルトップ ✓  信頼度=87%  NL=$78,707  TP=$75,321  (95本前)
  [H1パターン] 三尊 ✓  信頼度=82%  NL=$78,394  TP=$74,735  (30本前)
  [H1パターン] ダブルトップ ✓  信頼度=82%  NL=$78,707  TP=$75,151  (95本前)
  [H1パターン] 三尊 ✓  信頼度=81%  NL=$78,394  TP=$74,735  (19本前)
  残高=¥12085.0  ポジション=0/10件(空き10)  連続損失=0回
[MT5] BTCUSD M5: 50本  2026-05-18〜2026-05-18
[MT5] BTCUSD M1: 50本  2026-05-18〜2026-05-18
[MT5] BTCUSD H1: 200本  2026-05-10〜2026-05-18

[01:49:47] #4 [SCALP]  close=$76,389.93  RSI_M5=47.8  RSI_M1=51.3  ATR=$182.70  残高=¥12085.0  lot=0.07(TP=0.5×ATR)  今日=0/20回
  action=NONE  signal=none  expected_profit=+$6.39(¥1016) target=¥1000  SL=$76,663.98  TP=$76,298.58  [待機中] H1=trend_down  M5=trend_down  MTF:BUY=NG  SELL=NG
  [H1パターン] 逆三尊 …  信頼度=94%  NL=$82,264  TP=$85,821  (82本前)
  [H1パターン] 逆三尊 …  信頼度=94%  NL=$82,264  TP=$85,649  (82本前)
  [H1パターン] Wボトム …  信頼度=91%  NL=$82,054  TP=$85,243  (67本前)
  [H1パターン] Wボトム …  信頼度=90%  NL=$82,054  TP=$85,329  (67本前)
  [H1パターン] ダブルトップ ✓  信頼度=87%  NL=$78,707  TP=$75,321  (95本前)
  [H1パターン] 三尊 ✓  信頼度=82%  NL=$78,394  TP=$74,735  (30本前)
  [H1パターン] ダブルトップ ✓  信頼度=82%  NL=$78,707  TP=$75,151  (95本前)
  [H1パターン] 三尊 ✓  信頼度=81%  NL=$78,394  TP=$74,735  (19本前)
  残高=¥12085.0  ポジション=0/10件(空き10)  連続損失=0回
[MT5] BTCUSD M5: 50本  2026-05-18〜2026-05-18
[MT5] BTCUSD M1: 50本  2026-05-18〜2026-05-18
[MT5] BTCUSD H1: 200本  2026-05-10〜2026-05-18

[01:49:52] #5 [SCALP]  close=$76,374.09  RSI_M5=47.1  RSI_M1=50.0  ATR=$182.70  残高=¥12085.0  lot=0.07(TP=0.5×ATR)  今日=0/20回
  action=NONE  signal=none  expected_profit=+$6.39(¥1016) target=¥1000  SL=$76,648.14  TP=$76,282.74  [待機中] H1=trend_down  M5=trend_down  MTF:BUY=NG  SELL=NG
  [H1パターン] 逆三尊 …  信頼度=94%  NL=$82,264  TP=$85,821  (82本前)
  [H1パターン] 逆三尊 …  信頼度=94%  NL=$82,264  TP=$85,649  (82本前)
  [H1パターン] Wボトム …  信頼度=91%  NL=$82,054  TP=$85,243  (67本前)
  [H1パターン] Wボトム …  信頼度=90%  NL=$82,054  TP=$85,329  (67本前)
  [H1パターン] ダブルトップ ✓  信頼度=87%  NL=$78,707  TP=$75,321  (95本前)
  [H1パターン] 三尊 ✓  信頼度=82%  NL=$78,394  TP=$74,735  (30本前)
  [H1パターン] ダブルトップ ✓  信頼度=82%  NL=$78,707  TP=$75,151  (95本前)
  [H1パターン] 三尊 ✓  信頼度=81%  NL=$78,394  TP=$74,735  (19本前)
  残高=¥12085.0  ポジション=0/10件(空き10)  連続損失=0回
[MT5] BTCUSD M5: 50本  2026-05-18〜2026-05-18
[MT5] BTCUSD M1: 50本  2026-05-18〜2026-05-18
[MT5] BTCUSD H1: 200本  2026-05-10〜2026-05-18

[01:49:57] #6 [SCALP]  close=$76,375.50  RSI_M5=47.2  RSI_M1=50.1  ATR=$182.70  残高=¥12085.0  lot=0.07(TP=0.5×ATR)  今日=0/20回
  action=NONE  signal=none  expected_profit=+$6.39(¥1016) target=¥1000  SL=$76,649.55  TP=$76,284.15  [待機中] H1=trend_down  M5=trend_down  MTF:BUY=NG  SELL=NG
  [H1パターン] 逆三尊 …  信頼度=94%  NL=$82,264  TP=$85,821  (82本前)
  [H1パターン] 逆三尊 …  信頼度=94%  NL=$82,264  TP=$85,649  (82本前)
  [H1パターン] Wボトム …  信頼度=91%  NL=$82,054  TP=$85,243  (67本前)
  [H1パターン] Wボトム …  信頼度=90%  NL=$82,054  TP=$85,329  (67本前)
  [H1パターン] ダブルトップ ✓  信頼度=87%  NL=$78,707  TP=$75,321  (95本前)
  [H1パターン] 三尊 ✓  信頼度=82%  NL=$78,394  TP=$74,735  (30本前)
  [H1パターン] ダブルトップ ✓  信頼度=82%  NL=$78,707  TP=$75,151  (95本前)
  [H1パターン] 三尊 ✓  信頼度=81%  NL=$78,394  TP=$74,735  (19本前)
  残高=¥12085.0  ポジション=0/10件(空き10)  連続損失=0回
