2026-05-28 22:29:15,207 [INFO] [22:29:15] ✓ 正常運転中  PID=14108
2026-05-28 22:30:13,684 [INFO] [22:30:13] ✓ 正常運転中  PID=9148
2026-05-28 22:30:15,244 [INFO] [22:30:15] ✓ 正常運転中  PID=14108
2026-05-28 22:31:13,697 [INFO] [22:31:13] ✓ 正常運転中  PID=9148
2026-05-28 22:31:15,246 [INFO] [22:31:15] ✓ 正常運転中  PID=14108
2026-05-28 22:32:13,705 [INFO] [22:32:13] ✓ 正常運転中  PID=9148
2026-05-28 22:32:15,276 [INFO] [22:32:15] ✓ 正常運転中  PID=14108
2026-05-28 22:33:13,711 [INFO] [22:33:13] ✓ 正常運転中  PID=9148
2026-05-28 22:33:15,287 [INFO] [22:33:15] ✓ 正常運転中  PID=14108
2026-05-28 22:34:13,718 [INFO] [22:34:13] ✓ 正常運転中  PID=9148
2026-05-28 22:34:15,295 [INFO] [22:34:15] ✓ 正常運転中  PID=14108
2026-05-28 22:35:13,720 [INFO] [22:35:13] ✓ 正常運転中  PID=9148
2026-05-28 22:35:15,300 [INFO] [22:35:15] ✓ 正常運転中  PID=14108
2026-05-28 22:35:57,444 [ERROR] シンボル XAUUSD のウォッチドッグは既に起動中です → 終了します。同一シンボルは 1 プロセスのみ許可されます。
2026-05-28 22:36:13,720 [INFO] [22:36:13] ✓ 正常運転中  PID=9148
2026-05-28 22:36:15,312 [INFO] [22:36:15] ✓ 正常運転中  PID=14108
2026-05-28 22:37:13,727 [INFO] [22:37:13] ✓ 正常運転中  PID=9148
2026-05-28 22:37:15,333 [INFO] [22:37:15] ✓ 正常運転中  PID=14108
2026-05-28 22:38:13,731 [INFO] [22:38:13] ✓ 正常運転中  PID=9148
2026-05-28 22:38:15,338 [INFO] [22:38:15] ✓ 正常運転中  PID=14108
2026-05-28 22:39:13,741 [INFO] [22:39:13] ✓ 正常運転中  PID=9148
2026-05-28 22:39:15,344 [INFO] [22:39:15] ✓ 正常運転中  PID=14108
2026-05-28 22:40:13,745 [INFO] [22:40:13] ✓ 正常運転中  PID=9148
2026-05-28 22:40:15,361 [INFO] [22:40:15] ✓ 正常運転中  PID=14108
2026-05-28 22:41:13,751 [INFO] [22:41:13] ✓ 正常運転中  PID=9148
2026-05-28 22:41:15,371 [INFO] [22:41:15] ✓ 正常運転中  PID=14108
2026-05-28 22:42:13,755 [INFO] [22:42:13] ✓ 正常運転中  PID=9148
2026-05-28 22:42:15,377 [INFO] [22:42:15] ✓ 正常運転中  PID=14108
2026-05-28 22:43:13,757 [INFO] [22:43:13] ✓ 正常運転中  PID=9148
2026-05-28 22:43:15,379 [INFO] [22:43:15] ✓ 正常運転中  PID=14108
2026-05-28 22:44:13,767 [INFO] [22:44:13] ✓ 正常運転中  PID=9148
2026-05-28 22:44:15,388 [INFO] [22:44:15] ✓ 正常運転中  PID=14108
2026-05-28 22:45:05,302 [ERROR] シンボル BTCUSD のウォッチドッグは既に起動中です → 終了します。同一シンボルは 1 プロセスのみ許可されます。
2026-05-28 22:45:13,777 [INFO] [22:45:13] ✓ 正常運転中  PID=9148
2026-05-28 22:45:15,390 [INFO] [22:45:15] ✓ 正常運転中  PID=14108
2026-05-28 22:46:13,793 [INFO] [22:46:13] ✓ 正常運転中  PID=9148
2026-05-28 22:46:15,396 [INFO] [22:46:15] ✓ 正常運転中  PID=14108
2026-05-28 22:47:13,797 [INFO] [22:47:13] ✓ 正常運転中  PID=9148
2026-05-28 22:47:15,401 [INFO] [22:47:15] ✓ 正常運転中  PID=14108
2026-05-28 22:48:13,805 [INFO] [22:48:13] ✓ 正常運転中  PID=9148
2026-05-28 22:48:15,407 [INFO] [22:48:15] ✓ 正常運転中  PID=14108
2026-05-28 22:49:13,810 [INFO] [22:49:13] ✓ 正常運転中  PID=9148
2026-05-28 22:49:15,412 [INFO] [22:49:15] ✓ 正常運転中  PID=14108
2026-05-28 22:50:13,815 [INFO] [22:50:13] ✓ 正常運転中  PID=9148
2026-05-28 22:50:15,418 [INFO] [22:50:15] ✓ 正常運転中  PID=14108
2026-05-28 22:51:13,825 [INFO] [22:51:13] ✓ 正常運転中  PID=9148
2026-05-28 22:51:15,424 [INFO] [22:51:15] ✓ 正常運転中  PID=14108
2026-05-28 22:52:13,831 [INFO] [22:52:13] ✓ 正常運転中  PID=9148
2026-05-28 22:52:15,429 [INFO] [22:52:15] ✓ 正常運転中  PID=14108
2026-05-28 22:53:13,839 [INFO] [22:53:13] ✓ 正常運転中  PID=9148
2026-05-28 22:53:15,445 [INFO] [22:53:15] ✓ 正常運転中  PID=14108
2026-05-28 22:54:13,844 [INFO] [22:54:13] ✓ 正常運転中  PID=9148
2026-05-28 22:54:15,461 [INFO] [22:54:15] ✓ 正常運転中  PID=14108
2026-05-28 22:55:13,849 [INFO] [22:55:13] ✓ 正常運転中  PID=9148
2026-05-28 22:55:15,466 [INFO] [22:55:15] ✓ 正常運転中  PID=14108
2026-05-28 22:56:13,854 [INFO] [22:56:13] ✓ 正常運転中  PID=9148
2026-05-28 22:56:15,471 [INFO] [22:56:15] ✓ 正常運転中  PID=14108
2026-05-28 22:57:13,859 [INFO] [22:57:13] ✓ 正常運転中  PID=9148
2026-05-28 22:57:15,477 [INFO] [22:57:15] ✓ 正常運転中  PID=14108
2026-05-28 22:58:13,865 [INFO] [22:58:13] ✓ 正常運転中  PID=9148
2026-05-28 22:58:15,483 [INFO] [22:58:15] ✓ 正常運転中  PID=14108
2026-05-28 22:59:13,871 [INFO] [22:59:13] ✓ 正常運転中  PID=9148
2026-05-28 22:59:15,488 [INFO] [22:59:15] ✓ 正常運転中  PID=14108
2026-05-28 22:59:23,401 [ERROR] シンボル BTCUSD のウォッチドッグは既に起動中です → 終了します。同一シンボルは 1 プロセスのみ許可されます。
2026-05-28 22:59:23,867 [ERROR] シンボル XAUUSD のウォッチドッグは既に起動中です → 終了します。同一シンボルは 1 プロセスのみ許可されます。
2026-05-28 23:00:13,877 [INFO] [23:00:13] ✓ 正常運転中  PID=9148
2026-05-28 23:00:15,495 [INFO] [23:00:15] ✓ 正常運転中  PID=14108
2026-05-28 23:01:13,883 [INFO] [23:01:13] ✓ 正常運転中  PID=9148
2026-05-28 23:01:15,500 [INFO] [23:01:15] ✓ 正常運転中  PID=14108
2026-05-28 23:02:13,884 [INFO] [23:02:13] ✓ 正常運転中  PID=9148
2026-05-28 23:02:15,512 [INFO] [23:02:15] ✓ 正常運転中  PID=14108
2026-05-28 23:03:13,892 [INFO] [23:03:13] ✓ 正常運転中  PID=9148
2026-05-28 23:03:15,520 [INFO] [23:03:15] ✓ 正常運転中  PID=14108
2026-05-28 23:04:13,895 [INFO] [23:04:13] ✓ 正常運転中  PID=9148
2026-05-28 23:04:15,524 [INFO] [23:04:15] ✓ 正常運転中  PID=14108
2026-05-28 23:05:13,900 [INFO] [23:05:13] ✓ 正常運転中  PID=9148
2026-05-28 23:05:15,529 [INFO] [23:05:15] ✓ 正常運転中  PID=14108
2026-05-28 23:06:13,903 [INFO] [23:06:13] ✓ 正常運転中  PID=9148
2026-05-28 23:06:15,535 [INFO] [23:06:15] ✓ 正常運転中  PID=14108
2026-05-28 23:07:13,909 [INFO] [23:07:13] ✓ 正常運転中  PID=9148
2026-05-28 23:07:15,541 [INFO] [23:07:15] ✓ 正常運転中  PID=14108
2026-05-28 23:08:13,916 [INFO] [23:08:13] ✓ 正常運転中  PID=9148
2026-05-28 23:08:15,548 [INFO] [23:08:15] ✓ 正常運転中  PID=14108
2026-05-28 23:09:13,921 [INFO] [23:09:13] ✓ 正常運転中  PID=9148
2026-05-28 23:09:15,554 [INFO] [23:09:15] ✓ 正常運転中  PID=14108
2026-05-28 23:10:13,927 [INFO] [23:10:13] ✓ 正常運転中  PID=9148
2026-05-28 23:10:15,561 [INFO] [23:10:15] ✓ 正常運転中  PID=14108
2026-05-28 23:11:13,932 [INFO] [23:11:13] ✓ 正常運転中  PID=9148
2026-05-28 23:11:15,569 [INFO] [23:11:15] ✓ 正常運転中  PID=14108
2026-05-28 23:12:13,940 [INFO] [23:12:13] ✓ 正常運転中  PID=9148
2026-05-28 23:12:15,575 [INFO] [23:12:15] ✓ 正常運転中  PID=14108
2026-05-28 23:13:13,949 [INFO] [23:13:13] ✓ 正常運転中  PID=9148
2026-05-28 23:13:15,585 [INFO] [23:13:15] ✓ 正常運転中  PID=14108
2026-05-28 23:14:13,963 [INFO] [23:14:13] ✓ 正常運転中  PID=9148
2026-05-28 23:14:15,591 [INFO] [23:14:15] ✓ 正常運転中  PID=14108
2026-05-28 23:15:13,977 [INFO] [23:15:13] ✓ 正常運転中  PID=9148
2026-05-28 23:15:15,596 [INFO] [23:15:15] ✓ 正常運転中  PID=14108
2026-05-28 23:16:13,986 [INFO] [23:16:13] ✓ 正常運転中  PID=9148
2026-05-28 23:16:15,600 [INFO] [23:16:15] ✓ 正常運転中  PID=14108
2026-05-28 23:17:13,995 [INFO] [23:17:13] ✓ 正常運転中  PID=9148
2026-05-28 23:17:15,624 [INFO] [23:17:15] ✓ 正常運転中  PID=14108
2026-05-28 23:18:13,999 [INFO] [23:18:13] ✓ 正常運転中  PID=9148
2026-05-28 23:18:15,626 [INFO] [23:18:15] ✓ 正常運転中  PID=14108
2026-05-28 23:19:14,007 [INFO] [23:19:14] ✓ 正常運転中  PID=9148
2026-05-28 23:19:15,643 [INFO] [23:19:15] ✓ 正常運転中  PID=14108
2026-05-28 23:20:14,014 [INFO] [23:20:14] ✓ 正常運転中  PID=9148
2026-05-28 23:20:15,652 [INFO] [23:20:15] ✓ 正常運転中  PID=14108
2026-05-28 23:21:14,028 [INFO] [23:21:14] ✓ 正常運転中  PID=9148
2026-05-28 23:21:15,663 [INFO] [23:21:15] ✓ 正常運転中  PID=14108
2026-05-28 23:22:14,038 [INFO] [23:22:14] ✓ 正常運転中  PID=9148
2026-05-28 23:22:15,668 [INFO] [23:22:15] ✓ 正常運転中  PID=14108
2026-05-28 23:23:14,041 [INFO] [23:23:14] ✓ 正常運転中  PID=9148
2026-05-28 23:23:15,670 [INFO] [23:23:15] ✓ 正常運転中  PID=14108
2026-05-28 23:24:14,053 [INFO] [23:24:14] ✓ 正常運転中  PID=9148
2026-05-28 23:24:15,677 [INFO] [23:24:15] ✓ 正常運転中  PID=14108
2026-05-28 23:25:14,066 [INFO] [23:25:14] ✓ 正常運転中  PID=9148
2026-05-28 23:25:15,680 [INFO] [23:25:15] ✓ 正常運転中  PID=14108
2026-05-28 23:26:14,074 [INFO] [23:26:14] ✓ 正常運転中  PID=9148
2026-05-28 23:26:15,684 [INFO] [23:26:15] ✓ 正常運転中  PID=14108
2026-05-28 23:27:14,080 [INFO] [23:27:14] ✓ 正常運転中  PID=9148
2026-05-28 23:27:15,693 [INFO] [23:27:15] ✓ 正常運転中  PID=14108
2026-05-28 23:28:14,088 [INFO] [23:28:14] ✓ 正常運転中  PID=9148
2026-05-28 23:28:15,699 [INFO] [23:28:15] ✓ 正常運転中  PID=14108
2026-05-28 23:29:14,104 [INFO] [23:29:14] ✓ 正常運転中  PID=9148
2026-05-28 23:29:15,714 [INFO] [23:29:15] ✓ 正常運転中  PID=14108
2026-05-28 23:30:14,111 [INFO] [23:30:14] ✓ 正常運転中  PID=9148
2026-05-28 23:30:15,728 [INFO] [23:30:15] ✓ 正常運転中  PID=14108
2026-05-28 23:31:14,117 [INFO] [23:31:14] ✓ 正常運転中  PID=9148
2026-05-28 23:31:15,744 [INFO] [23:31:15] ✓ 正常運転中  PID=14108
2026-05-28 23:32:14,122 [INFO] [23:32:14] ✓ 正常運転中  PID=9148
2026-05-28 23:32:15,750 [INFO] [23:32:15] ✓ 正常運転中  PID=14108
2026-05-28 23:33:14,125 [INFO] [23:33:14] ✓ 正常運転中  PID=9148
2026-05-28 23:33:15,751 [INFO] [23:33:15] ✓ 正常運転中  PID=14108
2026-05-28 23:34:14,132 [INFO] [23:34:14] ✓ 正常運転中  PID=9148
2026-05-28 23:34:15,760 [INFO] [23:34:15] ✓ 正常運転中  PID=14108
2026-05-28 23:35:14,145 [INFO] [23:35:14] ✓ 正常運転中  PID=9148
2026-05-28 23:35:15,766 [INFO] [23:35:15] ✓ 正常運転中  PID=14108
2026-05-28 23:35:57,370 [ERROR] シンボル XAUUSD のウォッチドッグは既に起動中です → 終了します。同一シンボルは 1 プロセスのみ許可されます。
2026-05-28 23:36:14,158 [INFO] [23:36:14] ✓ 正常運転中  PID=9148
2026-05-28 23:36:15,769 [INFO] [23:36:15] ✓ 正常運転中  PID=14108
2026-05-28 23:37:14,163 [INFO] [23:37:14] ✓ 正常運転中  PID=9148
2026-05-28 23:37:15,775 [INFO] [23:37:15] ✓ 正常運転中  PID=14108
2026-05-28 23:38:14,169 [INFO] [23:38:14] ✓ 正常運転中  PID=9148
2026-05-28 23:38:15,779 [INFO] [23:38:15] ✓ 正常運転中  PID=14108
2026-05-28 23:39:14,173 [INFO] [23:39:14] ✓ 正常運転中  PID=9148
2026-05-28 23:39:15,791 [INFO] [23:39:15] ✓ 正常運転中  PID=14108
2026-05-28 23:40:14,178 [INFO] [23:40:14] ✓ 正常運転中  PID=9148
2026-05-28 23:40:15,793 [INFO] [23:40:15] ✓ 正常運転中  PID=14108
2026-05-28 23:41:14,184 [INFO] [23:41:14] ✓ 正常運転中  PID=9148
2026-05-28 23:41:15,795 [INFO] [23:41:15] ✓ 正常運転中  PID=14108
2026-05-28 23:42:14,187 [INFO] [23:42:14] ✓ 正常運転中  PID=9148
2026-05-28 23:42:15,801 [INFO] [23:42:15] ✓ 正常運転中  PID=14108
2026-05-28 23:43:14,191 [INFO] [23:43:14] ✓ 正常運転中  PID=9148
2026-05-28 23:43:15,808 [INFO] [23:43:15] ✓ 正常運転中  PID=14108
2026-05-28 23:44:14,200 [INFO] [23:44:14] ✓ 正常運転中  PID=9148
2026-05-28 23:44:15,825 [INFO] [23:44:15] ✓ 正常運転中  PID=14108
2026-05-28 23:45:05,241 [ERROR] シンボル BTCUSD のウォッチドッグは既に起動中です → 終了します。同一シンボルは 1 プロセスのみ許可されます。
2026-05-28 23:45:14,206 [INFO] [23:45:14] ✓ 正常運転中  PID=9148
2026-05-28 23:45:15,830 [INFO] [23:45:15] ✓ 正常運転中  PID=14108
2026-05-28 23:46:14,210 [INFO] [23:46:14] ✓ 正常運転中  PID=9148
2026-05-28 23:46:15,840 [INFO] [23:46:15] ✓ 正常運転中  PID=14108
2026-05-28 23:47:14,214 [INFO] [23:47:14] ✓ 正常運転中  PID=9148
2026-05-28 23:47:15,842 [INFO] [23:47:15] ✓ 正常運転中  PID=14108
2026-05-28 23:48:14,222 [INFO] [23:48:14] ✓ 正常運転中  PID=9148
2026-05-28 23:48:15,844 [INFO] [23:48:15] ✓ 正常運転中  PID=14108
2026-05-28 23:49:14,227 [INFO] [23:49:14] ✓ 正常運転中  PID=9148
2026-05-28 23:49:15,853 [INFO] [23:49:15] ✓ 正常運転中  PID=14108
2026-05-28 23:50:14,228 [INFO] [23:50:14] ✓ 正常運転中  PID=9148
2026-05-28 23:50:15,866 [INFO] [23:50:15] ✓ 正常運転中  PID=14108
2026-05-28 23:51:14,236 [INFO] [23:51:14] ✓ 正常運転中  PID=9148
2026-05-28 23:51:15,867 [INFO] [23:51:15] ✓ 正常運転中  PID=14108
2026-05-28 23:52:14,241 [INFO] [23:52:14] ✓ 正常運転中  PID=9148
2026-05-28 23:52:15,877 [INFO] [23:52:15] ✓ 正常運転中  PID=14108
2026-05-28 23:53:14,247 [INFO] [23:53:14] ✓ 正常運転中  PID=9148
2026-05-28 23:53:15,883 [INFO] [23:53:15] ✓ 正常運転中  PID=14108
2026-05-28 23:54:14,260 [INFO] [23:54:14] ✓ 正常運転中  PID=9148
2026-05-28 23:54:15,888 [INFO] [23:54:15] ✓ 正常運転中  PID=14108
2026-05-28 23:54:21,255 [WARNING] ブリッジ異常終了 (code=3221225786) → 10秒後に再起動 (#1回目)
2026-05-28 23:54:23,869 [INFO] MT5 端末を強制終了しました
2026-05-28 23:54:24,154 [WARNING] ブリッジ異常終了 (code=3221225786) → 10秒後に再起動 (#1回目)
2026-05-28 23:54:25,617 [INFO] MT5 端末を強制終了しました
